<?xml version="1.0" encoding="UTF-8"?>
<testng-results ignored="0" total="2" passed="2" failed="0" skipped="0">
  <reporter-output>
  </reporter-output>
  <suite started-at="2020-03-28T21:21:12 CDT" name="Suite" finished-at="2020-03-28T21:22:12 CDT" duration-ms="59240">
    <groups>
    </groups>
    <test started-at="2020-03-28T21:21:12 CDT" name="Test1" finished-at="2020-03-28T21:22:12 CDT" duration-ms="59240">
      <class name="com.nopcommerce.testcases.TC_Logintest_001">
        <test-method is-config="true" signature="setup(java.lang.String)[pri:0, instance:com.nopcommerce.testcases.TC_Logintest_001@17c386de]" started-at="2020-03-28T21:21:12 CDT" name="setup" finished-at="2020-03-28T21:21:19 CDT" duration-ms="6345" status="PASS">
          <params>
            <param index="0">
              <value>
                <![CDATA[chrome]]>
              </value>
            </param>
          </params>
          <reporter-output>
          </reporter-output>
        </test-method> <!-- setup -->
        <test-method signature="Logintest()[pri:0, instance:com.nopcommerce.testcases.TC_Logintest_001@17c386de]" started-at="2020-03-28T21:21:19 CDT" name="Logintest" finished-at="2020-03-28T21:21:34 CDT" duration-ms="15287" status="PASS">
          <reporter-output>
          </reporter-output>
        </test-method> <!-- Logintest -->
        <test-method is-config="true" signature="teardown()[pri:0, instance:com.nopcommerce.testcases.TC_Logintest_001@17c386de]" started-at="2020-03-28T21:21:34 CDT" name="teardown" finished-at="2020-03-28T21:21:35 CDT" duration-ms="653" status="PASS">
          <reporter-output>
          </reporter-output>
        </test-method> <!-- teardown -->
      </class> <!-- com.nopcommerce.testcases.TC_Logintest_001 -->
      <class name="com.nopcommerce.testcases.TC_AddCustomer_003">
        <test-method is-config="true" signature="setup(java.lang.String)[pri:0, instance:com.nopcommerce.testcases.TC_AddCustomer_003@5af97850]" started-at="2020-03-28T21:21:35 CDT" name="setup" finished-at="2020-03-28T21:21:40 CDT" duration-ms="5197" status="PASS">
          <params>
            <param index="0">
              <value>
                <![CDATA[chrome]]>
              </value>
            </param>
          </params>
          <reporter-output>
          </reporter-output>
        </test-method> <!-- setup -->
        <test-method signature="addnewcustomer()[pri:0, instance:com.nopcommerce.testcases.TC_AddCustomer_003@5af97850]" started-at="2020-03-28T21:21:40 CDT" name="addnewcustomer" finished-at="2020-03-28T21:22:11 CDT" duration-ms="31080" status="PASS">
          <reporter-output>
          </reporter-output>
        </test-method> <!-- addnewcustomer -->
        <test-method is-config="true" signature="teardown()[pri:0, instance:com.nopcommerce.testcases.TC_AddCustomer_003@5af97850]" started-at="2020-03-28T21:22:11 CDT" name="teardown" finished-at="2020-03-28T21:22:12 CDT" duration-ms="643" status="PASS">
          <reporter-output>
          </reporter-output>
        </test-method> <!-- teardown -->
      </class> <!-- com.nopcommerce.testcases.TC_AddCustomer_003 -->
    </test> <!-- Test1 -->
  </suite> <!-- Suite -->
</testng-results>
